  [1m[35m (162.4ms)[0m  [1m[35mCREATE DATABASE "learning_in_gifs_app_api_development" ENCODING = 'unicode'[0m
  [1m[35m (73.4ms)[0m  [1m[35mCREATE DATABASE "learning_in_gifs_app_api_test" ENCODING = 'unicode'[0m
  [1m[35m (16.7ms)[0m  [1m[35mCREATE TABLE "schema_migrations" ("version" character varying NOT NULL PRIMARY KEY)[0m
  [1m[35m (4.9ms)[0m  [1m[35mCREATE TABLE "ar_internal_metadata" ("key" character varying NOT NULL PRIMARY KEY, "value" character varying, "created_at" timestamp(6) NOT NULL, "updated_at" timestamp(6) NOT NULL)[0m
  [1m[35m (0.5ms)[0m  [1m[34mSELECT pg_try_advisory_lock(1872784306558587975)[0m
  [1m[35m (1.5ms)[0m  [1m[34mSELECT "schema_migrations"."version" FROM "schema_migrations" ORDER BY "schema_migrations"."version" ASC[0m
Migrating to CreateGifs (20200925164959)
  [1m[35m (0.2ms)[0m  [1m[35mBEGIN[0m
  [1m[35m (51.5ms)[0m  [1m[35mCREATE TABLE "gifs" ("id" bigserial primary key, "name" character varying, "description" character varying, "category" character varying, "gif_url" character varying, "created_at" timestamp(6) NOT NULL, "updated_at" timestamp(6) NOT NULL)[0m
  [1m[36mprimary::SchemaMigration Create (1.9ms)[0m  [1m[32mINSERT INTO "schema_migrations" ("version") VALUES ($1) RETURNING "version"[0m  [["version", "20200925164959"]]
  [1m[35m (0.7ms)[0m  [1m[35mCOMMIT[0m
  [1m[36mActiveRecord::InternalMetadata Load (0.7ms)[0m  [1m[34mSELECT "ar_internal_metadata".* FROM "ar_internal_metadata" WHERE "ar_internal_metadata"."key" = $1 LIMIT $2[0m  [["key", "environment"], ["LIMIT", 1]]
  [1m[35m (0.3ms)[0m  [1m[35mBEGIN[0m
  [1m[36mActiveRecord::InternalMetadata Create (1.9ms)[0m  [1m[32mINSERT INTO "ar_internal_metadata" ("key", "value", "created_at", "updated_at") VALUES ($1, $2, $3, $4) RETURNING "key"[0m  [["key", "environment"], ["value", "development"], ["created_at", "2020-09-25 16:51:54.496910"], ["updated_at", "2020-09-25 16:51:54.496910"]]
  [1m[35m (0.9ms)[0m  [1m[35mCOMMIT[0m
  [1m[35m (0.5ms)[0m  [1m[34mSELECT pg_advisory_unlock(1872784306558587975)[0m
  [1m[35m (2.1ms)[0m  [1m[34mSELECT "schema_migrations"."version" FROM "schema_migrations" ORDER BY "schema_migrations"."version" ASC[0m
  [1m[36mGif Load (0.5ms)[0m  [1m[34mSELECT "gifs".* FROM "gifs" LIMIT $1[0m  [["LIMIT", 11]]
  [1m[35m (0.2ms)[0m  [1m[35mBEGIN[0m
  [1m[36mGif Create (0.9ms)[0m  [1m[32mINSERT INTO "gifs" ("name", "description", "category", "gif_url", "created_at", "updated_at") VALUES ($1, $2, $3, $4, $5, $6) RETURNING "id"[0m  [["name", "cooking gif"], ["description", "test"], ["category", "cooking"], ["gif_url", "https://gfycat.com/splendidthornyivorygull-chili-cheese-bread-rolls-cooking-garlic-recipe"], ["created_at", "2020-09-25 17:03:41.073053"], ["updated_at", "2020-09-25 17:03:41.073053"]]
  [1m[35m (0.4ms)[0m  [1m[35mCOMMIT[0m
  [1m[36mGif Load (0.6ms)[0m  [1m[34mSELECT "gifs".* FROM "gifs" LIMIT $1[0m  [["LIMIT", 11]]
